<?xml version="1.0" encoding="UTF-8"?>
<coverage generated="1620710181437" clover="3.2.0">
  <project timestamp="1620710181438" name="All files">
    <metrics statements="118" coveredstatements="117" conditionals="54" coveredconditionals="54" methods="40" coveredmethods="40" elements="212" coveredelements="211" complexity="0" loc="118" ncloc="118" packages="7" files="17" classes="17"/>
    <package name="src">
      <metrics statements="7" coveredstatements="6" conditionals="0" coveredconditionals="0" methods="3" coveredmethods="3"/>
      <file name="App.js" path="/Users/pdambra/React/Ellevation-App/src/App.js">
        <metrics statements="6" coveredstatements="6" conditionals="0" coveredconditionals="0" methods="3" coveredmethods="3"/>
        <line num="7" count="1" type="stmt"/>
        <line num="8" count="1" type="stmt"/>
        <line num="9" count="1" type="stmt"/>
        <line num="11" count="1" type="stmt"/>
        <line num="21" count="2" type="stmt"/>
        <line num="29" count="1" type="stmt"/>
      </file>
      <file name="index.js" path="/Users/pdambra/React/Ellevation-App/src/index.js">
        <metrics statements="1" coveredstatements="0" conditionals="0" coveredconditionals="0" methods="0" coveredmethods="0"/>
        <line num="7" count="0" type="stmt"/>
      </file>
    </package>
    <package name="src.api">
      <metrics statements="4" coveredstatements="4" conditionals="0" coveredconditionals="0" methods="4" coveredmethods="4"/>
      <file name="floors.js" path="/Users/pdambra/React/Ellevation-App/src/api/floors.js">
        <metrics statements="4" coveredstatements="4" conditionals="0" coveredconditionals="0" methods="4" coveredmethods="4"/>
        <line num="4" count="11" type="stmt"/>
        <line num="13" count="9" type="stmt"/>
        <line num="15" count="20" type="stmt"/>
        <line num="16" count="9" type="stmt"/>
      </file>
    </package>
    <package name="src.components">
      <metrics statements="0" coveredstatements="0" conditionals="0" coveredconditionals="0" methods="0" coveredmethods="0"/>
      <file name="index.js" path="/Users/pdambra/React/Ellevation-App/src/components/index.js">
        <metrics statements="0" coveredstatements="0" conditionals="0" coveredconditionals="0" methods="0" coveredmethods="0"/>
      </file>
    </package>
    <package name="src.components.elevator">
      <metrics statements="70" coveredstatements="70" conditionals="29" coveredconditionals="29" methods="24" coveredmethods="24"/>
      <file name="ElevatorComponent.jsx" path="/Users/pdambra/React/Ellevation-App/src/components/elevator/ElevatorComponent.jsx">
        <metrics statements="33" coveredstatements="33" conditionals="15" coveredconditionals="15" methods="11" coveredmethods="11"/>
        <line num="8" count="4" type="stmt"/>
        <line num="9" count="38" type="stmt"/>
        <line num="10" count="38" type="stmt"/>
        <line num="11" count="38" type="stmt"/>
        <line num="12" count="38" type="stmt"/>
        <line num="13" count="38" type="stmt"/>
        <line num="15" count="38" type="stmt"/>
        <line num="16" count="8" type="stmt"/>
        <line num="19" count="38" type="stmt"/>
        <line num="20" count="8" type="stmt"/>
        <line num="21" count="30" type="stmt"/>
        <line num="22" count="30" type="cond" truecount="5" falsecount="0"/>
        <line num="23" count="27" type="stmt"/>
        <line num="25" count="3" type="stmt"/>
        <line num="29" count="38" type="stmt"/>
        <line num="30" count="12" type="stmt"/>
        <line num="31" count="12" type="stmt"/>
        <line num="35" count="38" type="stmt"/>
        <line num="36" count="27" type="stmt"/>
        <line num="39" count="38" type="stmt"/>
        <line num="40" count="28" type="cond" truecount="4" falsecount="0"/>
        <line num="41" count="8" type="stmt"/>
        <line num="45" count="38" type="stmt"/>
        <line num="46" count="28" type="cond" truecount="2" falsecount="0"/>
        <line num="47" count="12" type="stmt"/>
        <line num="51" count="38" type="stmt"/>
        <line num="52" count="10" type="stmt"/>
        <line num="53" count="10" type="stmt"/>
        <line num="54" count="10" type="stmt"/>
        <line num="57" count="1" type="stmt"/>
        <line num="60" count="10" type="stmt"/>
        <line num="63" count="38" type="stmt"/>
        <line num="66" count="81" type="cond" truecount="2" falsecount="0"/>
      </file>
      <file name="ElevatorContainer.jsx" path="/Users/pdambra/React/Ellevation-App/src/components/elevator/ElevatorContainer.jsx">
        <metrics statements="3" coveredstatements="3" conditionals="0" coveredconditionals="0" methods="1" coveredmethods="1"/>
        <line num="11" count="4" type="stmt"/>
        <line num="13" count="27" type="stmt"/>
        <line num="29" count="4" type="stmt"/>
      </file>
      <file name="ElevatorControlSwitch.jsx" path="/Users/pdambra/React/Ellevation-App/src/components/elevator/ElevatorControlSwitch.jsx">
        <metrics statements="6" coveredstatements="6" conditionals="0" coveredconditionals="0" methods="2" coveredmethods="2"/>
        <line num="6" count="4" type="stmt"/>
        <line num="7" count="27" type="stmt"/>
        <line num="8" count="27" type="stmt"/>
        <line num="10" count="27" type="stmt"/>
        <line num="11" count="1" type="stmt"/>
        <line num="14" count="27" type="stmt"/>
      </file>
      <file name="ElevatorFloorComponent.jsx" path="/Users/pdambra/React/Ellevation-App/src/components/elevator/ElevatorFloorComponent.jsx">
        <metrics statements="26" coveredstatements="26" conditionals="14" coveredconditionals="14" methods="9" coveredmethods="9"/>
        <line num="6" count="4" type="stmt"/>
        <line num="7" count="78" type="stmt"/>
        <line num="8" count="78" type="stmt"/>
        <line num="10" count="78" type="stmt"/>
        <line num="11" count="4" type="stmt"/>
        <line num="13" count="78" type="stmt"/>
        <line num="14" count="2" type="stmt"/>
        <line num="16" count="78" type="stmt"/>
        <line num="17" count="2" type="stmt"/>
        <line num="20" count="78" type="stmt"/>
        <line num="21" count="78" type="stmt"/>
        <line num="22" count="78" type="cond" truecount="2" falsecount="0"/>
        <line num="23" count="26" type="stmt"/>
        <line num="25" count="78" type="stmt"/>
        <line num="28" count="78" type="stmt"/>
        <line num="29" count="156" type="cond" truecount="2" falsecount="0"/>
        <line num="30" count="156" type="cond" truecount="2" falsecount="0"/>
        <line num="31" count="156" type="cond" truecount="4" falsecount="0"/>
        <line num="32" count="26" type="stmt"/>
        <line num="33" count="130" type="cond" truecount="4" falsecount="0"/>
        <line num="34" count="26" type="stmt"/>
        <line num="37" count="156" type="stmt"/>
        <line num="40" count="78" type="stmt"/>
        <line num="46" count="2" type="stmt"/>
        <line num="47" count="2" type="stmt"/>
        <line num="54" count="4" type="stmt"/>
      </file>
      <file name="ElevatorStatsComponent.jsx" path="/Users/pdambra/React/Ellevation-App/src/components/elevator/ElevatorStatsComponent.jsx">
        <metrics statements="2" coveredstatements="2" conditionals="0" coveredconditionals="0" methods="1" coveredmethods="1"/>
        <line num="3" count="4" type="stmt"/>
        <line num="5" count="27" type="stmt"/>
      </file>
      <file name="index.js" path="/Users/pdambra/React/Ellevation-App/src/components/elevator/index.js">
        <metrics statements="0" coveredstatements="0" conditionals="0" coveredconditionals="0" methods="0" coveredmethods="0"/>
      </file>
    </package>
    <package name="src.components.home">
      <metrics statements="8" coveredstatements="8" conditionals="0" coveredconditionals="0" methods="3" coveredmethods="3"/>
      <file name="HomeContainer.jsx" path="/Users/pdambra/React/Ellevation-App/src/components/home/HomeContainer.jsx">
        <metrics statements="8" coveredstatements="8" conditionals="0" coveredconditionals="0" methods="3" coveredmethods="3"/>
        <line num="8" count="3" type="stmt"/>
        <line num="9" count="2" type="stmt"/>
        <line num="11" count="2" type="stmt"/>
        <line num="12" count="1" type="stmt"/>
        <line num="13" count="1" type="stmt"/>
        <line num="15" count="2" type="stmt"/>
        <line num="20" count="1" type="stmt"/>
        <line num="26" count="3" type="stmt"/>
      </file>
      <file name="index.js" path="/Users/pdambra/React/Ellevation-App/src/components/home/index.js">
        <metrics statements="0" coveredstatements="0" conditionals="0" coveredconditionals="0" methods="0" coveredmethods="0"/>
      </file>
    </package>
    <package name="src.context">
      <metrics statements="29" coveredstatements="29" conditionals="25" coveredconditionals="25" methods="6" coveredmethods="6"/>
      <file name="AppContext.js" path="/Users/pdambra/React/Ellevation-App/src/context/AppContext.js">
        <metrics statements="8" coveredstatements="8" conditionals="3" coveredconditionals="3" methods="2" coveredmethods="2"/>
        <line num="4" count="3" type="stmt"/>
        <line num="5" count="3" type="stmt"/>
        <line num="7" count="3" type="stmt"/>
        <line num="11" count="3" type="stmt"/>
        <line num="27" count="3" type="cond" truecount="1" falsecount="0"/>
        <line num="28" count="2" type="cond" truecount="2" falsecount="0"/>
        <line num="30" count="1" type="stmt"/>
        <line num="33" count="1" type="stmt"/>
      </file>
      <file name="ElevatorContext.js" path="/Users/pdambra/React/Ellevation-App/src/context/ElevatorContext.js">
        <metrics statements="21" coveredstatements="21" conditionals="22" coveredconditionals="22" methods="4" coveredmethods="4"/>
        <line num="3" count="5" type="stmt"/>
        <line num="5" count="143" type="stmt"/>
        <line num="9" count="5" type="stmt"/>
        <line num="18" count="5" type="cond" truecount="1" falsecount="0"/>
        <line num="19" count="33" type="cond" truecount="7" falsecount="0"/>
        <line num="21" count="9" type="stmt"/>
        <line num="24" count="1" type="stmt"/>
        <line num="27" count="13" type="stmt"/>
        <line num="28" count="13" type="stmt"/>
        <line num="29" count="13" type="cond" truecount="2" falsecount="0"/>
        <line num="30" count="2" type="stmt"/>
        <line num="31" count="11" type="cond" truecount="2" falsecount="0"/>
        <line num="32" count="3" type="stmt"/>
        <line num="35" count="13" type="stmt"/>
        <line num="40" count="8" type="cond" truecount="6" falsecount="0"/>
        <line num="47" count="6" type="cond" truecount="2" falsecount="0"/>
        <line num="48" count="6" type="cond" truecount="2" falsecount="0"/>
        <line num="49" count="6" type="stmt"/>
        <line num="52" count="1" type="stmt"/>
        <line num="55" count="2" type="stmt"/>
        <line num="58" count="1" type="stmt"/>
      </file>
      <file name="index.js" path="/Users/pdambra/React/Ellevation-App/src/context/index.js">
        <metrics statements="0" coveredstatements="0" conditionals="0" coveredconditionals="0" methods="0" coveredmethods="0"/>
      </file>
    </package>
    <package name="src.helpers">
      <metrics statements="0" coveredstatements="0" conditionals="0" coveredconditionals="0" methods="0" coveredmethods="0"/>
      <file name="constants.js" path="/Users/pdambra/React/Ellevation-App/src/helpers/constants.js">
        <metrics statements="0" coveredstatements="0" conditionals="0" coveredconditionals="0" methods="0" coveredmethods="0"/>
      </file>
      <file name="index.js" path="/Users/pdambra/React/Ellevation-App/src/helpers/index.js">
        <metrics statements="0" coveredstatements="0" conditionals="0" coveredconditionals="0" methods="0" coveredmethods="0"/>
      </file>
    </package>
  </project>
</coverage>
