<?xml version="1.0" encoding="UTF-8"?>
<coverage generated="1620766345852" clover="3.2.0">
  <project timestamp="1620766345852" name="All files">
    <metrics statements="4" coveredstatements="4" conditionals="0" coveredconditionals="0" methods="4" coveredmethods="4" elements="8" coveredelements="8" complexity="0" loc="4" ncloc="4" packages="1" files="1" classes="1"/>
    <file name="floors.js" path="/Users/pdambra/React/PFD-Elevator/src/api/floors.js">
      <metrics statements="4" coveredstatements="4" conditionals="0" coveredconditionals="0" methods="4" coveredmethods="4"/>
      <line num="4" count="9" type="stmt"/>
      <line num="13" count="8" type="stmt"/>
      <line num="15" count="17" type="stmt"/>
      <line num="16" count="8" type="stmt"/>
    </file>
  </project>
</coverage>
