{"/Users/pdambra/React/Ellevation-App/src/App.js": {"path":"/Users/pdambra/React/Ellevation-App/src/App.js","statementMap":{"0":{"start":{"line":7,"column":21},"end":{"line":26,"column":1}},"1":{"start":{"line":8,"column":20},"end":{"line":8,"column":35}},"2":{"start":{"line":9,"column":33},"end":{"line":9,"column":38}},"3":{"start":{"line":11,"column":2},"end":{"line":25,"column":4}},"4":{"start":{"line":21,"column":26},"end":{"line":21,"column":102}},"5":{"start":{"line":29,"column":2},"end":{"line":33,"column":3}}},"fnMap":{"0":{"name":"(anonymous_0)","decl":{"start":{"line":7,"column":21},"end":{"line":7,"column":22}},"loc":{"start":{"line":7,"column":27},"end":{"line":26,"column":1}},"line":7},"1":{"name":"(anonymous_1)","decl":{"start":{"line":21,"column":21},"end":{"line":21,"column":22}},"loc":{"start":{"line":21,"column":26},"end":{"line":21,"column":102}},"line":21},"2":{"name":"AppComponent","decl":{"start":{"line":28,"column":24},"end":{"line":28,"column":36}},"loc":{"start":{"line":28,"column":39},"end":{"line":34,"column":1}},"line":28}},"branchMap":{},"s":{"0":1,"1":1,"2":1,"3":1,"4":2,"5":1},"f":{"0":1,"1":2,"2":1},"b":{},"_coverageSchema":"43e27e138ebf9cfc5966b082cf9a028302ed4184","hash":"c33bf5ad4fcc001ba8dbff3ae0544ab305c888b0"}
,"/Users/pdambra/React/Ellevation-App/src/index.js": {"path":"/Users/pdambra/React/Ellevation-App/src/index.js","statementMap":{"0":{"start":{"line":7,"column":0},"end":{"line":7,"column":67}}},"fnMap":{},"branchMap":{},"s":{"0":0},"f":{},"b":{},"hash":"ef553462af1802afbeba5f86c2956cecf6b5ef8e"}
,"/Users/pdambra/React/Ellevation-App/src/api/floors.js": {"path":"/Users/pdambra/React/Ellevation-App/src/api/floors.js","statementMap":{"0":{"start":{"line":4,"column":8},"end":{"line":17,"column":13}},"1":{"start":{"line":13,"column":28},"end":{"line":13,"column":43}},"2":{"start":{"line":15,"column":31},"end":{"line":15,"column":105}},"3":{"start":{"line":15,"column":59},"end":{"line":15,"column":104}},"4":{"start":{"line":16,"column":12},"end":{"line":16,"column":39}}},"fnMap":{"0":{"name":"(anonymous_0)","decl":{"start":{"line":3,"column":15},"end":{"line":3,"column":16}},"loc":{"start":{"line":3,"column":33},"end":{"line":18,"column":5}},"line":3},"1":{"name":"(anonymous_1)","decl":{"start":{"line":13,"column":14},"end":{"line":13,"column":15}},"loc":{"start":{"line":13,"column":28},"end":{"line":13,"column":43}},"line":13},"2":{"name":"(anonymous_2)","decl":{"start":{"line":14,"column":14},"end":{"line":14,"column":15}},"loc":{"start":{"line":14,"column":32},"end":{"line":17,"column":11}},"line":14},"3":{"name":"(anonymous_3)","decl":{"start":{"line":15,"column":50},"end":{"line":15,"column":51}},"loc":{"start":{"line":15,"column":59},"end":{"line":15,"column":104}},"line":15}},"branchMap":{},"s":{"0":11,"1":9,"2":9,"3":20,"4":9},"f":{"0":11,"1":9,"2":9,"3":20},"b":{},"_coverageSchema":"43e27e138ebf9cfc5966b082cf9a028302ed4184","hash":"948b4559739f0d0e9498642972d5e206b25310e3"}
,"/Users/pdambra/React/Ellevation-App/src/components/index.js": {"path":"/Users/pdambra/React/Ellevation-App/src/components/index.js","statementMap":{},"fnMap":{},"branchMap":{},"s":{},"f":{},"b":{},"_coverageSchema":"43e27e138ebf9cfc5966b082cf9a028302ed4184","hash":"a8e10c7a830c9c4cf4c0c2cdff5c7aaeac73a9e7"}
,"/Users/pdambra/React/Ellevation-App/src/components/elevator/ElevatorComponent.jsx": {"path":"/Users/pdambra/React/Ellevation-App/src/components/elevator/ElevatorComponent.jsx","statementMap":{"0":{"start":{"line":8,"column":26},"end":{"line":69,"column":1}},"1":{"start":{"line":9,"column":28},"end":{"line":9,"column":38}},"2":{"start":{"line":10,"column":40},"end":{"line":10,"column":50}},"3":{"start":{"line":11,"column":25},"end":{"line":11,"column":33}},"4":{"start":{"line":12,"column":28},"end":{"line":12,"column":48}},"5":{"start":{"line":13,"column":34},"end":{"line":13,"column":39}},"6":{"start":{"line":15,"column":23},"end":{"line":17,"column":16}},"7":{"start":{"line":16,"column":4},"end":{"line":16,"column":62}},"8":{"start":{"line":19,"column":24},"end":{"line":28,"column":16}},"9":{"start":{"line":20,"column":4},"end":{"line":27,"column":34}},"10":{"start":{"line":21,"column":50},"end":{"line":21,"column":72}},"11":{"start":{"line":22,"column":6},"end":{"line":26,"column":7}},"12":{"start":{"line":23,"column":8},"end":{"line":23,"column":78}},"13":{"start":{"line":25,"column":8},"end":{"line":25,"column":78}},"14":{"start":{"line":29,"column":23},"end":{"line":32,"column":19}},"15":{"start":{"line":30,"column":4},"end":{"line":30,"column":31}},"16":{"start":{"line":31,"column":4},"end":{"line":31,"column":21}},"17":{"start":{"line":35,"column":2},"end":{"line":37,"column":14}},"18":{"start":{"line":36,"column":4},"end":{"line":36,"column":35}},"19":{"start":{"line":39,"column":2},"end":{"line":43,"column":48}},"20":{"start":{"line":40,"column":4},"end":{"line":42,"column":5}},"21":{"start":{"line":41,"column":6},"end":{"line":41,"column":22}},"22":{"start":{"line":45,"column":2},"end":{"line":49,"column":34}},"23":{"start":{"line":46,"column":4},"end":{"line":48,"column":5}},"24":{"start":{"line":47,"column":6},"end":{"line":47,"column":21}},"25":{"start":{"line":51,"column":2},"end":{"line":61,"column":31}},"26":{"start":{"line":52,"column":24},"end":{"line":59,"column":5}},"27":{"start":{"line":53,"column":6},"end":{"line":58,"column":7}},"28":{"start":{"line":54,"column":8},"end":{"line":54,"column":50}},"29":{"start":{"line":57,"column":8},"end":{"line":57,"column":29}},"30":{"start":{"line":60,"column":4},"end":{"line":60,"column":18}},"31":{"start":{"line":63,"column":2},"end":{"line":68,"column":4}},"32":{"start":{"line":66,"column":35},"end":{"line":66,"column":85}}},"fnMap":{"0":{"name":"(anonymous_0)","decl":{"start":{"line":8,"column":26},"end":{"line":8,"column":27}},"loc":{"start":{"line":8,"column":32},"end":{"line":69,"column":1}},"line":8},"1":{"name":"(anonymous_1)","decl":{"start":{"line":15,"column":35},"end":{"line":15,"column":36}},"loc":{"start":{"line":15,"column":55},"end":{"line":17,"column":3}},"line":15},"2":{"name":"(anonymous_2)","decl":{"start":{"line":19,"column":36},"end":{"line":19,"column":37}},"loc":{"start":{"line":19,"column":42},"end":{"line":28,"column":3}},"line":19},"3":{"name":"(anonymous_3)","decl":{"start":{"line":20,"column":31},"end":{"line":20,"column":32}},"loc":{"start":{"line":20,"column":37},"end":{"line":27,"column":5}},"line":20},"4":{"name":"(anonymous_4)","decl":{"start":{"line":29,"column":35},"end":{"line":29,"column":36}},"loc":{"start":{"line":29,"column":41},"end":{"line":32,"column":3}},"line":29},"5":{"name":"(anonymous_5)","decl":{"start":{"line":35,"column":12},"end":{"line":35,"column":13}},"loc":{"start":{"line":35,"column":18},"end":{"line":37,"column":3}},"line":35},"6":{"name":"(anonymous_6)","decl":{"start":{"line":39,"column":12},"end":{"line":39,"column":13}},"loc":{"start":{"line":39,"column":18},"end":{"line":43,"column":3}},"line":39},"7":{"name":"(anonymous_7)","decl":{"start":{"line":45,"column":12},"end":{"line":45,"column":13}},"loc":{"start":{"line":45,"column":18},"end":{"line":49,"column":3}},"line":45},"8":{"name":"(anonymous_8)","decl":{"start":{"line":51,"column":12},"end":{"line":51,"column":13}},"loc":{"start":{"line":51,"column":18},"end":{"line":61,"column":3}},"line":51},"9":{"name":"(anonymous_9)","decl":{"start":{"line":52,"column":24},"end":{"line":52,"column":25}},"loc":{"start":{"line":52,"column":36},"end":{"line":59,"column":5}},"line":52},"10":{"name":"(anonymous_10)","decl":{"start":{"line":66,"column":30},"end":{"line":66,"column":31}},"loc":{"start":{"line":66,"column":35},"end":{"line":66,"column":85}},"line":66}},"branchMap":{"0":{"loc":{"start":{"line":22,"column":6},"end":{"line":26,"column":7}},"type":"if","locations":[{"start":{"line":22,"column":6},"end":{"line":26,"column":7}},{"start":{"line":22,"column":6},"end":{"line":26,"column":7}}],"line":22},"1":{"loc":{"start":{"line":22,"column":10},"end":{"line":22,"column":86}},"type":"binary-expr","locations":[{"start":{"line":22,"column":10},"end":{"line":22,"column":28}},{"start":{"line":22,"column":33},"end":{"line":22,"column":51}},{"start":{"line":22,"column":55},"end":{"line":22,"column":85}}],"line":22},"2":{"loc":{"start":{"line":40,"column":4},"end":{"line":42,"column":5}},"type":"if","locations":[{"start":{"line":40,"column":4},"end":{"line":42,"column":5}},{"start":{"line":40,"column":4},"end":{"line":42,"column":5}}],"line":40},"3":{"loc":{"start":{"line":40,"column":8},"end":{"line":40,"column":35}},"type":"binary-expr","locations":[{"start":{"line":40,"column":8},"end":{"line":40,"column":19}},{"start":{"line":40,"column":23},"end":{"line":40,"column":35}}],"line":40},"4":{"loc":{"start":{"line":46,"column":4},"end":{"line":48,"column":5}},"type":"if","locations":[{"start":{"line":46,"column":4},"end":{"line":48,"column":5}},{"start":{"line":46,"column":4},"end":{"line":48,"column":5}}],"line":46},"5":{"loc":{"start":{"line":65,"column":9},"end":{"line":65,"column":83}},"type":"binary-expr","locations":[{"start":{"line":65,"column":9},"end":{"line":65,"column":14}},{"start":{"line":65,"column":18},"end":{"line":65,"column":83}}],"line":65},"6":{"loc":{"start":{"line":66,"column":9},"end":{"line":66,"column":86}},"type":"binary-expr","locations":[{"start":{"line":66,"column":9},"end":{"line":66,"column":15}},{"start":{"line":66,"column":19},"end":{"line":66,"column":86}}],"line":66}},"s":{"0":4,"1":38,"2":38,"3":38,"4":38,"5":38,"6":38,"7":8,"8":38,"9":8,"10":30,"11":30,"12":27,"13":3,"14":38,"15":12,"16":12,"17":38,"18":27,"19":38,"20":28,"21":8,"22":38,"23":28,"24":12,"25":38,"26":10,"27":10,"28":10,"29":1,"30":10,"31":38,"32":81},"f":{"0":38,"1":8,"2":8,"3":30,"4":12,"5":27,"6":28,"7":28,"8":10,"9":10,"10":81},"b":{"0":[27,3],"1":[30,9,6],"2":[8,20],"3":[28,16],"4":[12,16],"5":[38,1],"6":[38,38]},"_coverageSchema":"43e27e138ebf9cfc5966b082cf9a028302ed4184","hash":"2356b956de300b6f1484bc1254c7e4101e3c6df7"}
,"/Users/pdambra/React/Ellevation-App/src/components/elevator/ElevatorContainer.jsx": {"path":"/Users/pdambra/React/Ellevation-App/src/components/elevator/ElevatorContainer.jsx","statementMap":{"0":{"start":{"line":11,"column":33},"end":{"line":27,"column":1}},"1":{"start":{"line":13,"column":2},"end":{"line":26,"column":4}},"2":{"start":{"line":29,"column":0},"end":{"line":33,"column":2}}},"fnMap":{"0":{"name":"(anonymous_0)","decl":{"start":{"line":11,"column":33},"end":{"line":11,"column":34}},"loc":{"start":{"line":11,"column":42},"end":{"line":27,"column":1}},"line":11}},"branchMap":{},"s":{"0":4,"1":27,"2":4},"f":{"0":27},"b":{},"_coverageSchema":"43e27e138ebf9cfc5966b082cf9a028302ed4184","hash":"0856149d912f9eca71de05dabb4a6ce818470ee5"}
,"/Users/pdambra/React/Ellevation-App/src/components/elevator/ElevatorControlSwitch.jsx": {"path":"/Users/pdambra/React/Ellevation-App/src/components/elevator/ElevatorControlSwitch.jsx","statementMap":{"0":{"start":{"line":6,"column":37},"end":{"line":19,"column":1}},"1":{"start":{"line":7,"column":28},"end":{"line":7,"column":48}},"2":{"start":{"line":8,"column":26},"end":{"line":8,"column":31}},"3":{"start":{"line":10,"column":23},"end":{"line":12,"column":3}},"4":{"start":{"line":11,"column":4},"end":{"line":11,"column":41}},"5":{"start":{"line":14,"column":2},"end":{"line":18,"column":4}}},"fnMap":{"0":{"name":"(anonymous_0)","decl":{"start":{"line":6,"column":37},"end":{"line":6,"column":38}},"loc":{"start":{"line":6,"column":46},"end":{"line":19,"column":1}},"line":6},"1":{"name":"(anonymous_1)","decl":{"start":{"line":10,"column":23},"end":{"line":10,"column":24}},"loc":{"start":{"line":10,"column":29},"end":{"line":12,"column":3}},"line":10}},"branchMap":{},"s":{"0":4,"1":27,"2":27,"3":27,"4":1,"5":27},"f":{"0":27,"1":1},"b":{},"_coverageSchema":"43e27e138ebf9cfc5966b082cf9a028302ed4184","hash":"ddb60815ae48dfb7dd8659618162bb55f88e856f"}
,"/Users/pdambra/React/Ellevation-App/src/components/elevator/ElevatorFloorComponent.jsx": {"path":"/Users/pdambra/React/Ellevation-App/src/components/elevator/ElevatorFloorComponent.jsx","statementMap":{"0":{"start":{"line":6,"column":31},"end":{"line":52,"column":1}},"1":{"start":{"line":7,"column":28},"end":{"line":7,"column":48}},"2":{"start":{"line":8,"column":50},"end":{"line":8,"column":55}},"3":{"start":{"line":10,"column":25},"end":{"line":12,"column":3}},"4":{"start":{"line":11,"column":4},"end":{"line":11,"column":61}},"5":{"start":{"line":13,"column":18},"end":{"line":15,"column":3}},"6":{"start":{"line":14,"column":4},"end":{"line":14,"column":60}},"7":{"start":{"line":16,"column":20},"end":{"line":18,"column":3}},"8":{"start":{"line":17,"column":4},"end":{"line":17,"column":62}},"9":{"start":{"line":20,"column":28},"end":{"line":26,"column":3}},"10":{"start":{"line":21,"column":17},"end":{"line":21,"column":22}},"11":{"start":{"line":22,"column":4},"end":{"line":24,"column":5}},"12":{"start":{"line":23,"column":6},"end":{"line":23,"column":35}},"13":{"start":{"line":25,"column":4},"end":{"line":25,"column":18}},"14":{"start":{"line":28,"column":26},"end":{"line":38,"column":3}},"15":{"start":{"line":29,"column":23},"end":{"line":29,"column":109}},"16":{"start":{"line":29,"column":50},"end":{"line":29,"column":108}},"17":{"start":{"line":30,"column":17},"end":{"line":30,"column":72}},"18":{"start":{"line":31,"column":4},"end":{"line":35,"column":5}},"19":{"start":{"line":32,"column":6},"end":{"line":32,"column":26}},"20":{"start":{"line":33,"column":11},"end":{"line":35,"column":5}},"21":{"start":{"line":34,"column":6},"end":{"line":34,"column":26}},"22":{"start":{"line":37,"column":4},"end":{"line":37,"column":18}},"23":{"start":{"line":40,"column":2},"end":{"line":51,"column":4}},"24":{"start":{"line":46,"column":95},"end":{"line":46,"column":104}},"25":{"start":{"line":47,"column":99},"end":{"line":47,"column":110}},"26":{"start":{"line":54,"column":0},"end":{"line":56,"column":2}}},"fnMap":{"0":{"name":"(anonymous_0)","decl":{"start":{"line":6,"column":31},"end":{"line":6,"column":32}},"loc":{"start":{"line":6,"column":46},"end":{"line":52,"column":1}},"line":6},"1":{"name":"(anonymous_1)","decl":{"start":{"line":10,"column":25},"end":{"line":10,"column":26}},"loc":{"start":{"line":10,"column":36},"end":{"line":12,"column":3}},"line":10},"2":{"name":"(anonymous_2)","decl":{"start":{"line":13,"column":18},"end":{"line":13,"column":19}},"loc":{"start":{"line":13,"column":24},"end":{"line":15,"column":3}},"line":13},"3":{"name":"(anonymous_3)","decl":{"start":{"line":16,"column":20},"end":{"line":16,"column":21}},"loc":{"start":{"line":16,"column":26},"end":{"line":18,"column":3}},"line":16},"4":{"name":"(anonymous_4)","decl":{"start":{"line":20,"column":28},"end":{"line":20,"column":29}},"loc":{"start":{"line":20,"column":34},"end":{"line":26,"column":3}},"line":20},"5":{"name":"(anonymous_5)","decl":{"start":{"line":28,"column":26},"end":{"line":28,"column":27}},"loc":{"start":{"line":28,"column":39},"end":{"line":38,"column":3}},"line":28},"6":{"name":"(anonymous_6)","decl":{"start":{"line":29,"column":42},"end":{"line":29,"column":43}},"loc":{"start":{"line":29,"column":50},"end":{"line":29,"column":108}},"line":29},"7":{"name":"(anonymous_7)","decl":{"start":{"line":46,"column":91},"end":{"line":46,"column":92}},"loc":{"start":{"line":46,"column":95},"end":{"line":46,"column":104}},"line":46},"8":{"name":"(anonymous_8)","decl":{"start":{"line":47,"column":95},"end":{"line":47,"column":96}},"loc":{"start":{"line":47,"column":99},"end":{"line":47,"column":110}},"line":47}},"branchMap":{"0":{"loc":{"start":{"line":22,"column":4},"end":{"line":24,"column":5}},"type":"if","locations":[{"start":{"line":22,"column":4},"end":{"line":24,"column":5}},{"start":{"line":22,"column":4},"end":{"line":24,"column":5}}],"line":22},"1":{"loc":{"start":{"line":29,"column":50},"end":{"line":29,"column":108}},"type":"binary-expr","locations":[{"start":{"line":29,"column":50},"end":{"line":29,"column":76}},{"start":{"line":29,"column":80},"end":{"line":29,"column":108}}],"line":29},"2":{"loc":{"start":{"line":30,"column":38},"end":{"line":30,"column":57}},"type":"cond-expr","locations":[{"start":{"line":30,"column":50},"end":{"line":30,"column":54}},{"start":{"line":30,"column":55},"end":{"line":30,"column":57}}],"line":30},"3":{"loc":{"start":{"line":31,"column":4},"end":{"line":35,"column":5}},"type":"if","locations":[{"start":{"line":31,"column":4},"end":{"line":35,"column":5}},{"start":{"line":31,"column":4},"end":{"line":35,"column":5}}],"line":31},"4":{"loc":{"start":{"line":31,"column":8},"end":{"line":31,"column":59}},"type":"binary-expr","locations":[{"start":{"line":31,"column":8},"end":{"line":31,"column":26}},{"start":{"line":31,"column":30},"end":{"line":31,"column":59}}],"line":31},"5":{"loc":{"start":{"line":33,"column":11},"end":{"line":35,"column":5}},"type":"if","locations":[{"start":{"line":33,"column":11},"end":{"line":35,"column":5}},{"start":{"line":33,"column":11},"end":{"line":35,"column":5}}],"line":33},"6":{"loc":{"start":{"line":33,"column":15},"end":{"line":33,"column":56}},"type":"binary-expr","locations":[{"start":{"line":33,"column":15},"end":{"line":33,"column":35}},{"start":{"line":33,"column":39},"end":{"line":33,"column":56}}],"line":33}},"s":{"0":4,"1":78,"2":78,"3":78,"4":4,"5":78,"6":2,"7":78,"8":2,"9":78,"10":78,"11":78,"12":26,"13":78,"14":78,"15":156,"16":46,"17":156,"18":156,"19":26,"20":130,"21":26,"22":156,"23":78,"24":2,"25":2,"26":4},"f":{"0":78,"1":4,"2":2,"3":2,"4":78,"5":156,"6":46,"7":2,"8":2},"b":{"0":[26,52],"1":[46,14],"2":[148,8],"3":[26,130],"4":[156,78],"5":[26,104],"6":[130,78]},"_coverageSchema":"43e27e138ebf9cfc5966b082cf9a028302ed4184","hash":"78c3400fe3dc6ca7e755efa7e932c9e866fbf87c"}
,"/Users/pdambra/React/Ellevation-App/src/components/elevator/ElevatorStatsComponent.jsx": {"path":"/Users/pdambra/React/Ellevation-App/src/components/elevator/ElevatorStatsComponent.jsx","statementMap":{"0":{"start":{"line":3,"column":38},"end":{"line":10,"column":1}},"1":{"start":{"line":5,"column":2},"end":{"line":9,"column":4}}},"fnMap":{"0":{"name":"(anonymous_0)","decl":{"start":{"line":3,"column":38},"end":{"line":3,"column":39}},"loc":{"start":{"line":3,"column":47},"end":{"line":10,"column":1}},"line":3}},"branchMap":{},"s":{"0":4,"1":27},"f":{"0":27},"b":{},"_coverageSchema":"43e27e138ebf9cfc5966b082cf9a028302ed4184","hash":"810391632e84714353068f73c8f616941252ebde"}
,"/Users/pdambra/React/Ellevation-App/src/components/elevator/index.js": {"path":"/Users/pdambra/React/Ellevation-App/src/components/elevator/index.js","statementMap":{},"fnMap":{},"branchMap":{},"s":{},"f":{},"b":{},"_coverageSchema":"43e27e138ebf9cfc5966b082cf9a028302ed4184","hash":"63760fdd6d63754200624bbc6c1996b40e5462cf"}
,"/Users/pdambra/React/Ellevation-App/src/components/home/HomeContainer.jsx": {"path":"/Users/pdambra/React/Ellevation-App/src/components/home/HomeContainer.jsx","statementMap":{"0":{"start":{"line":8,"column":29},"end":{"line":25,"column":1}},"1":{"start":{"line":9,"column":23},"end":{"line":9,"column":38}},"2":{"start":{"line":11,"column":23},"end":{"line":14,"column":3}},"3":{"start":{"line":12,"column":4},"end":{"line":12,"column":53}},"4":{"start":{"line":13,"column":4},"end":{"line":13,"column":29}},"5":{"start":{"line":15,"column":2},"end":{"line":24,"column":4}},"6":{"start":{"line":20,"column":70},"end":{"line":20,"column":95}},"7":{"start":{"line":26,"column":0},"end":{"line":30,"column":2}}},"fnMap":{"0":{"name":"(anonymous_0)","decl":{"start":{"line":8,"column":29},"end":{"line":8,"column":30}},"loc":{"start":{"line":8,"column":38},"end":{"line":25,"column":1}},"line":8},"1":{"name":"(anonymous_1)","decl":{"start":{"line":11,"column":23},"end":{"line":11,"column":24}},"loc":{"start":{"line":11,"column":31},"end":{"line":14,"column":3}},"line":11},"2":{"name":"(anonymous_2)","decl":{"start":{"line":20,"column":64},"end":{"line":20,"column":65}},"loc":{"start":{"line":20,"column":70},"end":{"line":20,"column":95}},"line":20}},"branchMap":{},"s":{"0":3,"1":2,"2":2,"3":1,"4":1,"5":2,"6":1,"7":3},"f":{"0":2,"1":1,"2":1},"b":{},"_coverageSchema":"43e27e138ebf9cfc5966b082cf9a028302ed4184","hash":"ac64e8c3bfdf0e813d977556513c40bd342b522b"}
,"/Users/pdambra/React/Ellevation-App/src/components/home/index.js": {"path":"/Users/pdambra/React/Ellevation-App/src/components/home/index.js","statementMap":{},"fnMap":{},"branchMap":{},"s":{},"f":{},"b":{},"_coverageSchema":"43e27e138ebf9cfc5966b082cf9a028302ed4184","hash":"99203e16902288a6dfec91f43e04fe53088c9ce1"}
,"/Users/pdambra/React/Ellevation-App/src/context/AppContext.js": {"path":"/Users/pdambra/React/Ellevation-App/src/context/AppContext.js","statementMap":{"0":{"start":{"line":4,"column":19},"end":{"line":4,"column":34}},"1":{"start":{"line":5,"column":20},"end":{"line":5,"column":31}},"2":{"start":{"line":7,"column":29},"end":{"line":7,"column":57}},"3":{"start":{"line":7,"column":35},"end":{"line":7,"column":57}},"4":{"start":{"line":11,"column":31},"end":{"line":25,"column":1}},"5":{"start":{"line":27,"column":26},"end":{"line":35,"column":1}},"6":{"start":{"line":28,"column":2},"end":{"line":34,"column":3}},"7":{"start":{"line":30,"column":6},"end":{"line":30,"column":59}},"8":{"start":{"line":33,"column":6},"end":{"line":33,"column":19}}},"fnMap":{"0":{"name":"(anonymous_0)","decl":{"start":{"line":7,"column":29},"end":{"line":7,"column":30}},"loc":{"start":{"line":7,"column":35},"end":{"line":7,"column":57}},"line":7},"1":{"name":"(anonymous_1)","decl":{"start":{"line":27,"column":26},"end":{"line":27,"column":27}},"loc":{"start":{"line":27,"column":63},"end":{"line":35,"column":1}},"line":27}},"branchMap":{"0":{"loc":{"start":{"line":27,"column":27},"end":{"line":27,"column":50}},"type":"default-arg","locations":[{"start":{"line":27,"column":35},"end":{"line":27,"column":50}}],"line":27},"1":{"loc":{"start":{"line":28,"column":2},"end":{"line":34,"column":3}},"type":"switch","locations":[{"start":{"line":29,"column":4},"end":{"line":31,"column":5}},{"start":{"line":32,"column":4},"end":{"line":33,"column":19}}],"line":28}},"s":{"0":3,"1":3,"2":3,"3":3,"4":3,"5":3,"6":2,"7":1,"8":1},"f":{"0":3,"1":2},"b":{"0":[1],"1":[1,1]},"_coverageSchema":"43e27e138ebf9cfc5966b082cf9a028302ed4184","hash":"ed70402bc51866bdc1cdf07180ea58c1fb35d2a2"}
,"/Users/pdambra/React/Ellevation-App/src/context/ElevatorContext.js": {"path":"/Users/pdambra/React/Ellevation-App/src/context/ElevatorContext.js","statementMap":{"0":{"start":{"line":3,"column":24},"end":{"line":3,"column":39}},"1":{"start":{"line":5,"column":34},"end":{"line":5,"column":67}},"2":{"start":{"line":5,"column":40},"end":{"line":5,"column":67}},"3":{"start":{"line":9,"column":36},"end":{"line":16,"column":1}},"4":{"start":{"line":18,"column":31},"end":{"line":60,"column":1}},"5":{"start":{"line":19,"column":2},"end":{"line":59,"column":3}},"6":{"start":{"line":21,"column":6},"end":{"line":21,"column":85}},"7":{"start":{"line":24,"column":6},"end":{"line":24,"column":69}},"8":{"start":{"line":27,"column":33},"end":{"line":27,"column":96}},"9":{"start":{"line":28,"column":22},"end":{"line":28,"column":37}},"10":{"start":{"line":29,"column":6},"end":{"line":33,"column":7}},"11":{"start":{"line":30,"column":8},"end":{"line":30,"column":23}},"12":{"start":{"line":31,"column":13},"end":{"line":33,"column":7}},"13":{"start":{"line":32,"column":8},"end":{"line":32,"column":25}},"14":{"start":{"line":35,"column":6},"end":{"line":43,"column":8}},"15":{"start":{"line":40,"column":10},"end":{"line":42,"column":92}},"16":{"start":{"line":47,"column":28},"end":{"line":47,"column":143}},"17":{"start":{"line":47,"column":58},"end":{"line":47,"column":142}},"18":{"start":{"line":48,"column":28},"end":{"line":48,"column":112}},"19":{"start":{"line":49,"column":6},"end":{"line":49,"column":41}},"20":{"start":{"line":52,"column":6},"end":{"line":52,"column":55}},"21":{"start":{"line":55,"column":6},"end":{"line":55,"column":59}},"22":{"start":{"line":58,"column":6},"end":{"line":58,"column":19}}},"fnMap":{"0":{"name":"(anonymous_0)","decl":{"start":{"line":5,"column":34},"end":{"line":5,"column":35}},"loc":{"start":{"line":5,"column":40},"end":{"line":5,"column":67}},"line":5},"1":{"name":"(anonymous_1)","decl":{"start":{"line":18,"column":31},"end":{"line":18,"column":32}},"loc":{"start":{"line":18,"column":73},"end":{"line":60,"column":1}},"line":18},"2":{"name":"(anonymous_2)","decl":{"start":{"line":39,"column":50},"end":{"line":39,"column":51}},"loc":{"start":{"line":40,"column":10},"end":{"line":42,"column":92}},"line":40},"3":{"name":"(anonymous_3)","decl":{"start":{"line":47,"column":53},"end":{"line":47,"column":54}},"loc":{"start":{"line":47,"column":58},"end":{"line":47,"column":142}},"line":47}},"branchMap":{"0":{"loc":{"start":{"line":18,"column":32},"end":{"line":18,"column":60}},"type":"default-arg","locations":[{"start":{"line":18,"column":40},"end":{"line":18,"column":60}}],"line":18},"1":{"loc":{"start":{"line":19,"column":2},"end":{"line":59,"column":3}},"type":"switch","locations":[{"start":{"line":20,"column":4},"end":{"line":22,"column":5}},{"start":{"line":23,"column":4},"end":{"line":25,"column":5}},{"start":{"line":26,"column":4},"end":{"line":44,"column":5}},{"start":{"line":45,"column":4},"end":{"line":50,"column":5}},{"start":{"line":51,"column":4},"end":{"line":53,"column":5}},{"start":{"line":54,"column":4},"end":{"line":56,"column":5}},{"start":{"line":57,"column":4},"end":{"line":58,"column":19}}],"line":19},"2":{"loc":{"start":{"line":29,"column":6},"end":{"line":33,"column":7}},"type":"if","locations":[{"start":{"line":29,"column":6},"end":{"line":33,"column":7}},{"start":{"line":29,"column":6},"end":{"line":33,"column":7}}],"line":29},"3":{"loc":{"start":{"line":31,"column":13},"end":{"line":33,"column":7}},"type":"if","locations":[{"start":{"line":31,"column":13},"end":{"line":33,"column":7}},{"start":{"line":31,"column":13},"end":{"line":33,"column":7}}],"line":31},"4":{"loc":{"start":{"line":40,"column":10},"end":{"line":42,"column":92}},"type":"binary-expr","locations":[{"start":{"line":40,"column":11},"end":{"line":40,"column":41}},{"start":{"line":40,"column":45},"end":{"line":40,"column":76}},{"start":{"line":41,"column":14},"end":{"line":41,"column":27}},{"start":{"line":41,"column":31},"end":{"line":41,"column":55}},{"start":{"line":42,"column":14},"end":{"line":42,"column":45}},{"start":{"line":42,"column":49},"end":{"line":42,"column":91}}],"line":40},"5":{"loc":{"start":{"line":47,"column":58},"end":{"line":47,"column":142}},"type":"binary-expr","locations":[{"start":{"line":47,"column":58},"end":{"line":47,"column":94}},{"start":{"line":47,"column":98},"end":{"line":47,"column":142}}],"line":47},"6":{"loc":{"start":{"line":48,"column":28},"end":{"line":48,"column":112}},"type":"cond-expr","locations":[{"start":{"line":48,"column":44},"end":{"line":48,"column":63}},{"start":{"line":48,"column":66},"end":{"line":48,"column":112}}],"line":48}},"s":{"0":5,"1":5,"2":143,"3":5,"4":5,"5":33,"6":9,"7":1,"8":13,"9":13,"10":13,"11":2,"12":11,"13":3,"14":13,"15":8,"16":6,"17":3,"18":6,"19":6,"20":1,"21":2,"22":1},"f":{"0":143,"1":33,"2":8,"3":3},"b":{"0":[1],"1":[9,1,13,6,1,2,1],"2":[2,11],"3":[3,8],"4":[8,5,6,2,5,2],"5":[3,3],"6":[1,5]},"_coverageSchema":"43e27e138ebf9cfc5966b082cf9a028302ed4184","hash":"a45f158005069b7b2a1a32342929d51e354bfc15"}
,"/Users/pdambra/React/Ellevation-App/src/context/index.js": {"path":"/Users/pdambra/React/Ellevation-App/src/context/index.js","statementMap":{},"fnMap":{},"branchMap":{},"s":{},"f":{},"b":{},"hash":"5f9ff6662228dcd011fdefd978f61a4ff7884595"}
,"/Users/pdambra/React/Ellevation-App/src/helpers/constants.js": {"path":"/Users/pdambra/React/Ellevation-App/src/helpers/constants.js","statementMap":{},"fnMap":{},"branchMap":{},"s":{},"f":{},"b":{},"_coverageSchema":"43e27e138ebf9cfc5966b082cf9a028302ed4184","hash":"f17e3e8252f8d3c3f0b332e2ae1a1ae549562d25"}
,"/Users/pdambra/React/Ellevation-App/src/helpers/index.js": {"path":"/Users/pdambra/React/Ellevation-App/src/helpers/index.js","statementMap":{},"fnMap":{},"branchMap":{},"s":{},"f":{},"b":{},"_coverageSchema":"43e27e138ebf9cfc5966b082cf9a028302ed4184","hash":"4ca2b2e05f48bad71d5534b1508d3f95626cb65e"}
}
