{"/Users/pdambra/React/PFD-Elevator/src/api/floors.js": {"path":"/Users/pdambra/React/PFD-Elevator/src/api/floors.js","statementMap":{"0":{"start":{"line":4,"column":8},"end":{"line":17,"column":11}},"1":{"start":{"line":13,"column":28},"end":{"line":13,"column":43}},"2":{"start":{"line":15,"column":31},"end":{"line":15,"column":105}},"3":{"start":{"line":15,"column":59},"end":{"line":15,"column":104}},"4":{"start":{"line":16,"column":12},"end":{"line":16,"column":39}}},"fnMap":{"0":{"name":"(anonymous_0)","decl":{"start":{"line":3,"column":15},"end":{"line":3,"column":16}},"loc":{"start":{"line":3,"column":33},"end":{"line":18,"column":5}},"line":3},"1":{"name":"(anonymous_1)","decl":{"start":{"line":13,"column":14},"end":{"line":13,"column":15}},"loc":{"start":{"line":13,"column":28},"end":{"line":13,"column":43}},"line":13},"2":{"name":"(anonymous_2)","decl":{"start":{"line":14,"column":14},"end":{"line":14,"column":15}},"loc":{"start":{"line":14,"column":32},"end":{"line":17,"column":9}},"line":14},"3":{"name":"(anonymous_3)","decl":{"start":{"line":15,"column":50},"end":{"line":15,"column":51}},"loc":{"start":{"line":15,"column":59},"end":{"line":15,"column":104}},"line":15}},"branchMap":{},"s":{"0":9,"1":8,"2":8,"3":17,"4":8},"f":{"0":9,"1":8,"2":8,"3":17},"b":{},"_coverageSchema":"43e27e138ebf9cfc5966b082cf9a028302ed4184","hash":"9a783c27aa13b47a7ecd63b7bff952e3db2b3a1f"}
}
