TN:
SF:/Users/pdambra/React/Ellevation-App/src/App.js
FN:7,(anonymous_0)
FN:21,(anonymous_1)
FN:28,AppComponent
FNF:3
FNH:3
FNDA:1,(anonymous_0)
FNDA:2,(anonymous_1)
FNDA:1,AppComponent
DA:7,1
DA:8,1
DA:9,1
DA:11,1
DA:21,2
DA:29,1
LF:6
LH:6
BRF:0
BRH:0
end_of_record
TN:
SF:/Users/pdambra/React/Ellevation-App/src/index.js
FNF:0
FNH:0
DA:7,0
LF:1
LH:0
BRF:0
BRH:0
end_of_record
TN:
SF:/Users/pdambra/React/Ellevation-App/src/api/floors.js
FN:3,(anonymous_0)
FN:13,(anonymous_1)
FN:14,(anonymous_2)
FN:15,(anonymous_3)
FNF:4
FNH:4
FNDA:11,(anonymous_0)
FNDA:9,(anonymous_1)
FNDA:9,(anonymous_2)
FNDA:20,(anonymous_3)
DA:4,11
DA:13,9
DA:15,20
DA:16,9
LF:4
LH:4
BRF:0
BRH:0
end_of_record
TN:
SF:/Users/pdambra/React/Ellevation-App/src/components/index.js
FNF:0
FNH:0
LF:0
LH:0
BRF:0
BRH:0
end_of_record
TN:
SF:/Users/pdambra/React/Ellevation-App/src/components/elevator/ElevatorComponent.jsx
FN:8,(anonymous_0)
FN:15,(anonymous_1)
FN:19,(anonymous_2)
FN:20,(anonymous_3)
FN:29,(anonymous_4)
FN:35,(anonymous_5)
FN:39,(anonymous_6)
FN:45,(anonymous_7)
FN:51,(anonymous_8)
FN:52,(anonymous_9)
FN:66,(anonymous_10)
FNF:11
FNH:11
FNDA:38,(anonymous_0)
FNDA:8,(anonymous_1)
FNDA:8,(anonymous_2)
FNDA:30,(anonymous_3)
FNDA:12,(anonymous_4)
FNDA:27,(anonymous_5)
FNDA:28,(anonymous_6)
FNDA:28,(anonymous_7)
FNDA:10,(anonymous_8)
FNDA:10,(anonymous_9)
FNDA:81,(anonymous_10)
DA:8,4
DA:9,38
DA:10,38
DA:11,38
DA:12,38
DA:13,38
DA:15,38
DA:16,8
DA:19,38
DA:20,8
DA:21,30
DA:22,30
DA:23,27
DA:25,3
DA:29,38
DA:30,12
DA:31,12
DA:35,38
DA:36,27
DA:39,38
DA:40,28
DA:41,8
DA:45,38
DA:46,28
DA:47,12
DA:51,38
DA:52,10
DA:53,10
DA:54,10
DA:57,1
DA:60,10
DA:63,38
DA:66,81
LF:33
LH:33
BRDA:22,0,0,27
BRDA:22,0,1,3
BRDA:22,1,0,30
BRDA:22,1,1,9
BRDA:22,1,2,6
BRDA:40,2,0,8
BRDA:40,2,1,20
BRDA:40,3,0,28
BRDA:40,3,1,16
BRDA:46,4,0,12
BRDA:46,4,1,16
BRDA:65,5,0,38
BRDA:65,5,1,1
BRDA:66,6,0,38
BRDA:66,6,1,38
BRF:15
BRH:15
end_of_record
TN:
SF:/Users/pdambra/React/Ellevation-App/src/components/elevator/ElevatorContainer.jsx
FN:11,(anonymous_0)
FNF:1
FNH:1
FNDA:27,(anonymous_0)
DA:11,4
DA:13,27
DA:29,4
LF:3
LH:3
BRF:0
BRH:0
end_of_record
TN:
SF:/Users/pdambra/React/Ellevation-App/src/components/elevator/ElevatorControlSwitch.jsx
FN:6,(anonymous_0)
FN:10,(anonymous_1)
FNF:2
FNH:2
FNDA:27,(anonymous_0)
FNDA:1,(anonymous_1)
DA:6,4
DA:7,27
DA:8,27
DA:10,27
DA:11,1
DA:14,27
LF:6
LH:6
BRF:0
BRH:0
end_of_record
TN:
SF:/Users/pdambra/React/Ellevation-App/src/components/elevator/ElevatorFloorComponent.jsx
FN:6,(anonymous_0)
FN:10,(anonymous_1)
FN:13,(anonymous_2)
FN:16,(anonymous_3)
FN:20,(anonymous_4)
FN:28,(anonymous_5)
FN:29,(anonymous_6)
FN:46,(anonymous_7)
FN:47,(anonymous_8)
FNF:9
FNH:9
FNDA:78,(anonymous_0)
FNDA:4,(anonymous_1)
FNDA:2,(anonymous_2)
FNDA:2,(anonymous_3)
FNDA:78,(anonymous_4)
FNDA:156,(anonymous_5)
FNDA:46,(anonymous_6)
FNDA:2,(anonymous_7)
FNDA:2,(anonymous_8)
DA:6,4
DA:7,78
DA:8,78
DA:10,78
DA:11,4
DA:13,78
DA:14,2
DA:16,78
DA:17,2
DA:20,78
DA:21,78
DA:22,78
DA:23,26
DA:25,78
DA:28,78
DA:29,156
DA:30,156
DA:31,156
DA:32,26
DA:33,130
DA:34,26
DA:37,156
DA:40,78
DA:46,2
DA:47,2
DA:54,4
LF:26
LH:26
BRDA:22,0,0,26
BRDA:22,0,1,52
BRDA:29,1,0,46
BRDA:29,1,1,14
BRDA:30,2,0,148
BRDA:30,2,1,8
BRDA:31,3,0,26
BRDA:31,3,1,130
BRDA:31,4,0,156
BRDA:31,4,1,78
BRDA:33,5,0,26
BRDA:33,5,1,104
BRDA:33,6,0,130
BRDA:33,6,1,78
BRF:14
BRH:14
end_of_record
TN:
SF:/Users/pdambra/React/Ellevation-App/src/components/elevator/ElevatorStatsComponent.jsx
FN:3,(anonymous_0)
FNF:1
FNH:1
FNDA:27,(anonymous_0)
DA:3,4
DA:5,27
LF:2
LH:2
BRF:0
BRH:0
end_of_record
TN:
SF:/Users/pdambra/React/Ellevation-App/src/components/elevator/index.js
FNF:0
FNH:0
LF:0
LH:0
BRF:0
BRH:0
end_of_record
TN:
SF:/Users/pdambra/React/Ellevation-App/src/components/home/HomeContainer.jsx
FN:8,(anonymous_0)
FN:11,(anonymous_1)
FN:20,(anonymous_2)
FNF:3
FNH:3
FNDA:2,(anonymous_0)
FNDA:1,(anonymous_1)
FNDA:1,(anonymous_2)
DA:8,3
DA:9,2
DA:11,2
DA:12,1
DA:13,1
DA:15,2
DA:20,1
DA:26,3
LF:8
LH:8
BRF:0
BRH:0
end_of_record
TN:
SF:/Users/pdambra/React/Ellevation-App/src/components/home/index.js
FNF:0
FNH:0
LF:0
LH:0
BRF:0
BRH:0
end_of_record
TN:
SF:/Users/pdambra/React/Ellevation-App/src/context/AppContext.js
FN:7,(anonymous_0)
FN:27,(anonymous_1)
FNF:2
FNH:2
FNDA:3,(anonymous_0)
FNDA:2,(anonymous_1)
DA:4,3
DA:5,3
DA:7,3
DA:11,3
DA:27,3
DA:28,2
DA:30,1
DA:33,1
LF:8
LH:8
BRDA:27,0,0,1
BRDA:28,1,0,1
BRDA:28,1,1,1
BRF:3
BRH:3
end_of_record
TN:
SF:/Users/pdambra/React/Ellevation-App/src/context/ElevatorContext.js
FN:5,(anonymous_0)
FN:18,(anonymous_1)
FN:39,(anonymous_2)
FN:47,(anonymous_3)
FNF:4
FNH:4
FNDA:143,(anonymous_0)
FNDA:33,(anonymous_1)
FNDA:8,(anonymous_2)
FNDA:3,(anonymous_3)
DA:3,5
DA:5,143
DA:9,5
DA:18,5
DA:19,33
DA:21,9
DA:24,1
DA:27,13
DA:28,13
DA:29,13
DA:30,2
DA:31,11
DA:32,3
DA:35,13
DA:40,8
DA:47,6
DA:48,6
DA:49,6
DA:52,1
DA:55,2
DA:58,1
LF:21
LH:21
BRDA:18,0,0,1
BRDA:19,1,0,9
BRDA:19,1,1,1
BRDA:19,1,2,13
BRDA:19,1,3,6
BRDA:19,1,4,1
BRDA:19,1,5,2
BRDA:19,1,6,1
BRDA:29,2,0,2
BRDA:29,2,1,11
BRDA:31,3,0,3
BRDA:31,3,1,8
BRDA:40,4,0,8
BRDA:40,4,1,5
BRDA:40,4,2,6
BRDA:40,4,3,2
BRDA:40,4,4,5
BRDA:40,4,5,2
BRDA:47,5,0,3
BRDA:47,5,1,3
BRDA:48,6,0,1
BRDA:48,6,1,5
BRF:22
BRH:22
end_of_record
TN:
SF:/Users/pdambra/React/Ellevation-App/src/context/index.js
FNF:0
FNH:0
LF:0
LH:0
BRF:0
BRH:0
end_of_record
TN:
SF:/Users/pdambra/React/Ellevation-App/src/helpers/constants.js
FNF:0
FNH:0
LF:0
LH:0
BRF:0
BRH:0
end_of_record
TN:
SF:/Users/pdambra/React/Ellevation-App/src/helpers/index.js
FNF:0
FNH:0
LF:0
LH:0
BRF:0
BRH:0
end_of_record
